c:\users\bhfuser\desktop\terry_matlab_equipment_code\orca_flash\3_vs dll code\samples\cpp\init_uninit\win_mutex\x64\debug\win_mutex.pch
c:\users\bhfuser\desktop\terry_matlab_equipment_code\orca_flash\3_vs dll code\samples\cpp\init_uninit\win_mutex\x64\debug\vc141.pdb
c:\users\bhfuser\desktop\terry_matlab_equipment_code\orca_flash\3_vs dll code\samples\cpp\init_uninit\win_mutex\x64\debug\vc141.idb
c:\users\bhfuser\desktop\terry_matlab_equipment_code\orca_flash\3_vs dll code\samples\cpp\init_uninit\win_mutex\x64\debug\stdafx.obj
c:\users\bhfuser\desktop\terry_matlab_equipment_code\orca_flash\3_vs dll code\samples\cpp\init_uninit\win_mutex\x64\debug\win_mutex.obj
c:\users\bhfuser\desktop\terry_matlab_equipment_code\orca_flash\3_vs dll code\samples\cpp\init_uninit\win_mutex\x64\debug\dllmain.obj
c:\users\bhfuser\desktop\terry_matlab_equipment_code\orca_flash\3_vs dll code\samples\cpp\init_uninit\win_mutex\x64\debug\support.obj
c:\users\bhfuser\desktop\terry_matlab_equipment_code\orca_flash\6_mutex dll\win_mutex.ilk
c:\users\bhfuser\desktop\terry_matlab_equipment_code\orca_flash\6_mutex dll\win_mutex.dll
c:\users\bhfuser\desktop\terry_matlab_equipment_code\orca_flash\6_mutex dll\win_mutex.pdb
c:\users\bhfuser\desktop\terry_matlab_equipment_code\orca_flash\6_mutex dll\win_mutex.lib
c:\users\bhfuser\desktop\terry_matlab_equipment_code\orca_flash\6_mutex dll\win_mutex.exp
c:\users\bhfuser\desktop\terry_matlab_equipment_code\orca_flash\3_vs dll code\samples\cpp\init_uninit\x64\debug\..\..\..\..\..\..\6_mutex dll\win_mutex.pdb
c:\users\bhfuser\desktop\terry_matlab_equipment_code\orca_flash\3_vs dll code\samples\cpp\init_uninit\x64\debug\..\..\..\..\..\..\6_mutex dll\win_mutex.dll
c:\users\bhfuser\desktop\terry_matlab_equipment_code\orca_flash\3_vs dll code\samples\cpp\init_uninit\x64\debug\..\..\..\..\..\..\6_mutex dll\win_mutex.ilk
c:\users\bhfuser\desktop\terry_matlab_equipment_code\orca_flash\3_vs dll code\samples\cpp\init_uninit\win_mutex\x64\debug\win_mutex.tlog\cl.command.1.tlog
c:\users\bhfuser\desktop\terry_matlab_equipment_code\orca_flash\3_vs dll code\samples\cpp\init_uninit\win_mutex\x64\debug\win_mutex.tlog\cl.read.1.tlog
c:\users\bhfuser\desktop\terry_matlab_equipment_code\orca_flash\3_vs dll code\samples\cpp\init_uninit\win_mutex\x64\debug\win_mutex.tlog\cl.write.1.tlog
c:\users\bhfuser\desktop\terry_matlab_equipment_code\orca_flash\3_vs dll code\samples\cpp\init_uninit\win_mutex\x64\debug\win_mutex.tlog\link.command.1.tlog
c:\users\bhfuser\desktop\terry_matlab_equipment_code\orca_flash\3_vs dll code\samples\cpp\init_uninit\win_mutex\x64\debug\win_mutex.tlog\link.read.1.tlog
c:\users\bhfuser\desktop\terry_matlab_equipment_code\orca_flash\3_vs dll code\samples\cpp\init_uninit\win_mutex\x64\debug\win_mutex.tlog\link.write.1.tlog
c:\users\bhfuser\desktop\terry_matlab_equipment_code\orca_flash\3_vs dll code\samples\cpp\init_uninit\win_mutex\x64\debug\win_mutex.tlog\win_mutex.write.1u.tlog
