c:\users\bhfuser\desktop\terry_matlab_equipment_code\orca_flash\3_vs dll code\samples\cpp\flash_relay\x64\debug\flashrelay.pch
c:\users\bhfuser\desktop\terry_matlab_equipment_code\orca_flash\3_vs dll code\samples\cpp\flash_relay\x64\debug\vc141.pdb
c:\users\bhfuser\desktop\terry_matlab_equipment_code\orca_flash\3_vs dll code\samples\cpp\flash_relay\x64\debug\vc141.idb
c:\users\bhfuser\desktop\terry_matlab_equipment_code\orca_flash\3_vs dll code\samples\cpp\flash_relay\x64\debug\stdafx.obj
c:\users\bhfuser\desktop\terry_matlab_equipment_code\orca_flash\3_vs dll code\samples\cpp\flash_relay\x64\debug\support.obj
c:\users\bhfuser\desktop\terry_matlab_equipment_code\orca_flash\3_vs dll code\samples\cpp\flash_relay\x64\debug\flash_relay.obj
c:\users\bhfuser\desktop\terry_matlab_equipment_code\orca_flash\3_vs dll code\samples\cpp\flash_relay\x64\debug\dllmain.obj
c:\users\bhfuser\desktop\terry_matlab_equipment_code\orca_flash\2_relay dll for debugging\flashrelay.lib
c:\users\bhfuser\desktop\terry_matlab_equipment_code\orca_flash\2_relay dll for debugging\flashrelay.exp
c:\users\bhfuser\desktop\terry_matlab_equipment_code\orca_flash\2_relay dll for debugging\flashrelay.ilk
c:\users\bhfuser\desktop\terry_matlab_equipment_code\orca_flash\2_relay dll for debugging\flashrelay.dll
c:\users\bhfuser\desktop\terry_matlab_equipment_code\orca_flash\2_relay dll for debugging\flashrelay.pdb
c:\users\bhfuser\desktop\terry_matlab_equipment_code\orca_flash\3_vs dll code\samples\cpp\init_uninit\x64\debug\..\..\..\..\..\..\2_relay dll for debugging\flashrelay.pdb
c:\users\bhfuser\desktop\terry_matlab_equipment_code\orca_flash\3_vs dll code\samples\cpp\init_uninit\x64\debug\..\..\..\..\..\..\2_relay dll for debugging\flashrelay.dll
c:\users\bhfuser\desktop\terry_matlab_equipment_code\orca_flash\3_vs dll code\samples\cpp\init_uninit\x64\debug\..\..\..\..\..\..\2_relay dll for debugging\flashrelay.ilk
c:\users\bhfuser\desktop\terry_matlab_equipment_code\orca_flash\3_vs dll code\samples\cpp\flash_relay\x64\debug\flash_relay.tlog\cl.command.1.tlog
c:\users\bhfuser\desktop\terry_matlab_equipment_code\orca_flash\3_vs dll code\samples\cpp\flash_relay\x64\debug\flash_relay.tlog\cl.read.1.tlog
c:\users\bhfuser\desktop\terry_matlab_equipment_code\orca_flash\3_vs dll code\samples\cpp\flash_relay\x64\debug\flash_relay.tlog\cl.write.1.tlog
c:\users\bhfuser\desktop\terry_matlab_equipment_code\orca_flash\3_vs dll code\samples\cpp\flash_relay\x64\debug\flash_relay.tlog\flash_relay.write.1u.tlog
c:\users\bhfuser\desktop\terry_matlab_equipment_code\orca_flash\3_vs dll code\samples\cpp\flash_relay\x64\debug\flash_relay.tlog\link.command.1.tlog
c:\users\bhfuser\desktop\terry_matlab_equipment_code\orca_flash\3_vs dll code\samples\cpp\flash_relay\x64\debug\flash_relay.tlog\link.read.1.tlog
c:\users\bhfuser\desktop\terry_matlab_equipment_code\orca_flash\3_vs dll code\samples\cpp\flash_relay\x64\debug\flash_relay.tlog\link.write.1.tlog
